C:\Program Files\Microsoft Visual Studio\2022\Community\MSBuild\Microsoft\VC\v170\Microsoft.CppBuild.targets(531,5): warning MSB8028: El directorio intermedio (Debug\) contiene archivos compartidos de otro proyecto (P07-421124433.vcxproj, P08-421124433.vcxproj, P08_2-421124433.vcxproj). Esto puede dar lugar a un comportamiento incorrecto de limpieza y recompilación.
<<<<<<< HEAD
  ProyectoFinal_main.cpp
C:\Users\Arturo\Desktop\ProyectoFinal_CGeIHC\ProyectoFinal\Window.h(12,36): warning C4244: 'return': conversión de 'GLint' a 'GLfloat'; posible pérdida de datos
  (compilando archivo de origen "ProyectoFinal_main.cpp")
  
C:\Users\Arturo\Desktop\ProyectoFinal_CGeIHC\ProyectoFinal\Window.h(13,37): warning C4244: 'return': conversión de 'GLint' a 'GLfloat'; posible pérdida de datos
  (compilando archivo de origen "ProyectoFinal_main.cpp")
  
C:\Users\Arturo\Desktop\ProyectoFinal_CGeIHC\ProyectoFinal\ProyectoFinal_main.cpp(581,15): warning C4244: 'inicializando': conversión de 'double' a 'GLfloat'; posible pérdida de datos
C:\Users\Arturo\Desktop\ProyectoFinal_CGeIHC\ProyectoFinal\ProyectoFinal_main.cpp(583,33): warning C4244: '+=': conversión de 'double' a 'GLfloat'; posible pérdida de datos
C:\Users\Arturo\Desktop\ProyectoFinal_CGeIHC\ProyectoFinal\ProyectoFinal_main.cpp(860,119): warning C4244: 'argumento': conversión de 'GLfloat' a 'GLboolean'; posible pérdida de datos
C:\Users\Arturo\Desktop\ProyectoFinal_CGeIHC\ProyectoFinal\ProyectoFinal_main.cpp(1216,89): warning C4305: 'argumento': truncamiento de 'double' a 'GLfloat'
C:\Users\Arturo\Desktop\ProyectoFinal_CGeIHC\ProyectoFinal\ProyectoFinal_main.cpp(1335,58): warning C4244: 'argumento': conversión de 'double' a 'float'; posible pérdida de datos
C:\Users\Arturo\Desktop\ProyectoFinal_CGeIHC\ProyectoFinal\ProyectoFinal_main.cpp(1984,21): warning C4305: '=': truncamiento de 'double' a 'float'
C:\Users\Arturo\Desktop\ProyectoFinal_CGeIHC\ProyectoFinal\ProyectoFinal_main.cpp(1998,18): warning C4244: '=': conversión de 'double' a 'float'; posible pérdida de datos
C:\Users\Arturo\Desktop\ProyectoFinal_CGeIHC\ProyectoFinal\ProyectoFinal_main.cpp(2002,21): warning C4305: '=': truncamiento de 'double' a 'float'
C:\Users\Arturo\Desktop\ProyectoFinal_CGeIHC\ProyectoFinal\ProyectoFinal_main.cpp(2009,21): warning C4305: '=': truncamiento de 'double' a 'float'
C:\Users\Arturo\Desktop\ProyectoFinal_CGeIHC\ProyectoFinal\ProyectoFinal_main.cpp(2058,105): warning C4244: '=': conversión de 'double' a 'float'; posible pérdida de datos
C:\Users\Arturo\Desktop\ProyectoFinal_CGeIHC\ProyectoFinal\ProyectoFinal_main.cpp(2077,27): warning C4244: '=': conversión de 'double' a 'float'; posible pérdida de datos
C:\Users\Arturo\Desktop\ProyectoFinal_CGeIHC\ProyectoFinal\ProyectoFinal_main.cpp(2184,26): warning C4244: '-=': conversión de 'double' a 'float'; posible pérdida de datos
C:\Users\Arturo\Desktop\ProyectoFinal_CGeIHC\ProyectoFinal\ProyectoFinal_main.cpp(2200,59): warning C4244: '=': conversión de 'double' a 'float'; posible pérdida de datos
C:\Users\Arturo\Desktop\ProyectoFinal_CGeIHC\ProyectoFinal\ProyectoFinal_main.cpp(2397,18): warning C4101: 'modelaux': variable local sin referencia
  P08_2-421124433.vcxproj -> C:\Users\Arturo\Desktop\ProyectoFinal_CGeIHC\ProyectoFinal\Debug\Proyecto_Final.exe
=======
  Window.cpp
C:\Users\Rodrigo\Documents\GitHub\ProyectoFinal_CGeIHC\ProyectoFinal\Window.h(12,36): warning C4244: 'return': conversión de 'GLint' a 'GLfloat'; posible pérdida de datos
  (compilando archivo de origen "Window.cpp")
  
C:\Users\Rodrigo\Documents\GitHub\ProyectoFinal_CGeIHC\ProyectoFinal\Window.h(13,37): warning C4244: 'return': conversión de 'GLint' a 'GLfloat'; posible pérdida de datos
  (compilando archivo de origen "Window.cpp")
  
C:\Users\Rodrigo\Documents\GitHub\ProyectoFinal_CGeIHC\ProyectoFinal\Window.cpp(47,10): warning C4566: el carácter representado por el nombre de carácter universal '\uFFFD' no se puede representar en la página de códigos actual (1252)
C:\Users\Rodrigo\Documents\GitHub\ProyectoFinal_CGeIHC\ProyectoFinal\Window.cpp(82,10): warning C4566: el carácter representado por el nombre de carácter universal '\uFFFD' no se puede representar en la página de códigos actual (1252)
C:\Users\Rodrigo\Documents\GitHub\ProyectoFinal_CGeIHC\ProyectoFinal\Window.cpp(256,24): warning C4244: '=': conversión de 'double' a 'GLint'; posible pérdida de datos
C:\Users\Rodrigo\Documents\GitHub\ProyectoFinal_CGeIHC\ProyectoFinal\Window.cpp(260,25): warning C4244: '=': conversión de 'double' a 'GLint'; posible pérdida de datos
C:\Users\Rodrigo\Documents\GitHub\ProyectoFinal_CGeIHC\ProyectoFinal\Window.cpp(290,22): warning C4244: '=': conversión de 'double' a 'GLfloat'; posible pérdida de datos
C:\Users\Rodrigo\Documents\GitHub\ProyectoFinal_CGeIHC\ProyectoFinal\Window.cpp(291,22): warning C4244: '=': conversión de 'double' a 'GLfloat'; posible pérdida de datos
C:\Users\Rodrigo\Documents\GitHub\ProyectoFinal_CGeIHC\ProyectoFinal\Window.cpp(295,28): warning C4244: '=': conversión de 'double' a 'GLfloat'; posible pérdida de datos
C:\Users\Rodrigo\Documents\GitHub\ProyectoFinal_CGeIHC\ProyectoFinal\Window.cpp(296,40): warning C4244: '=': conversión de 'double' a 'GLfloat'; posible pérdida de datos
C:\Users\Rodrigo\Documents\GitHub\ProyectoFinal_CGeIHC\ProyectoFinal\Window.cpp(298,21): warning C4244: '=': conversión de 'double' a 'GLfloat'; posible pérdida de datos
C:\Users\Rodrigo\Documents\GitHub\ProyectoFinal_CGeIHC\ProyectoFinal\Window.cpp(299,21): warning C4244: '=': conversión de 'double' a 'GLfloat'; posible pérdida de datos
C:\Users\Rodrigo\Documents\GitHub\ProyectoFinal_CGeIHC\ProyectoFinal\Window.cpp(95): warning C4715: 'Window::Initialise': no todas las rutas de acceso de control devuelven un valor
  P08_2-421124433.vcxproj -> C:\Users\Rodrigo\Documents\GitHub\ProyectoFinal_CGeIHC\ProyectoFinal\Debug\Proyecto_Final.exe
>>>>>>> 98a1ac62ac88687badb2005079f60c3603186c91
